
> react-typescript-starter@0.1.0 test
> react-scripts test --coverage

Browserslist: caniuse-lite is outdated. Please run:
  npx browserslist@latest --update-db
  Why you should do it regularly: https://github.com/browserslist/browserslist#browsers-data-updating
PASS src/arrays.test.ts
  ● Console

    console.log
      [ 'Hello', 'you', 'are', 'great!' ]

      at shoutIfExclaiming (src/arrays.ts:72:13)

    console.log
      [ 'oho!', 'Oho!', 'oHo!', 'oHO!', 'OHO!' ]

      at shoutIfExclaiming (src/arrays.ts:72:13)

    console.log
      [ 'Lo', 'High!' ]

      at shoutIfExclaiming (src/arrays.ts:72:13)

    console.log
      []

      at shoutIfExclaiming (src/arrays.ts:72:13)

    console.log
      [ 'This one is very long!' ]

      at shoutIfExclaiming (src/arrays.ts:72:13)

    console.log
      [ 'No', 'Caps', 'here.' ]

      at shoutIfExclaiming (src/arrays.ts:72:13)

PASS src/objects.test.ts
PASS src/HtmlCss.test.tsx
PASS src/functions.test.ts
PASS src/text.test.tsx
PASS src/App.test.tsx
----------------|---------|----------|---------|---------|-------------------
File            | % Stmts | % Branch | % Funcs | % Lines | Uncovered Line #s 
----------------|---------|----------|---------|---------|-------------------
All files       |     100 |    98.24 |     100 |     100 |                   
 src            |     100 |    98.24 |     100 |     100 |                   
  App.tsx       |     100 |      100 |     100 |     100 |                   
  arrays.ts     |     100 |      100 |     100 |     100 |                   
  functions.ts  |     100 |      100 |     100 |     100 |                   
  objects.ts    |     100 |    91.66 |     100 |     100 | 52                
 src/interfaces |       0 |        0 |       0 |       0 |                   
  question.ts   |       0 |        0 |       0 |       0 |                   
----------------|---------|----------|---------|---------|-------------------

Test Suites: 6 passed, 6 total
Tests:       33 passed, 33 total
Snapshots:   0 total
Time:        4.236 s
Ran all test suites.
